#
# There is insufficient memory for the Java Runtime Environment to continue.
# Native memory allocation (malloc) failed to allocate 1996976 bytes for Chunk::new
# Possible reasons:
#   The system is out of physical RAM or swap space
#   The process is running with CompressedOops enabled, and the Java Heap may be blocking the growth of the native heap
# Possible solutions:
#   Reduce memory load on the system
#   Increase physical memory or swap space
#   Check if swap backing store is full
#   Decrease Java heap size (-Xmx/-Xms)
#   Decrease number of Java threads
#   Decrease Java thread stack sizes (-Xss)
#   Set larger code cache with -XX:ReservedCodeCacheSize=
#   JVM is running with Unscaled Compressed Oops mode in which the Java heap is
#     placed in the first 4GB address space. The Java Heap base address is the
#     maximum limit for the native heap growth. Please use -XX:HeapBaseMinAddress
#     to set the Java Heap base and to place the Java Heap above 4GB virtual address.
# This output file may be truncated or incomplete.
#
#  Out of Memory Error (./src/hotspot/share/memory/arena.cpp:197), pid=9904, tid=4592
#
# JRE version: OpenJDK Runtime Environment (11.0.12+7) (build 11.0.12+7-b1504.28-7817840)
# Java VM: OpenJDK 64-Bit Server VM (11.0.12+7-b1504.28-7817840, mixed mode, tiered, compressed oops, g1 gc, windows-amd64)
# No core dump will be written. Minidumps are not enabled by default on client versions of Windows
#

---------------  S U M M A R Y ------------

Command Line: --add-opens=java.base/java.util=ALL-UNNAMED --add-opens=java.base/java.lang=ALL-UNNAMED --add-opens=java.base/java.lang.invoke=ALL-UNNAMED --add-opens=java.base/java.util=ALL-UNNAMED --add-opens=java.prefs/java.util.prefs=ALL-UNNAMED --add-opens=java.prefs/java.util.prefs=ALL-UNNAMED --add-opens=java.base/java.nio.charset=ALL-UNNAMED --add-opens=java.base/java.net=ALL-UNNAMED --add-opens=java.base/java.util.concurrent.atomic=ALL-UNNAMED -Xmx2048m -Dfile.encoding=UTF-8 -Duser.country=US -Duser.language=en -Duser.variant org.gradle.launcher.daemon.bootstrap.GradleDaemon 7.3.3

Host: Intel(R) Core(TM) i7-6600U CPU @ 2.60GHz, 4 cores, 7G,  Windows 10 , 64 bit Build 22000 (10.0.22000.434)
Time: Sat Aug 13 07:46:21 2022 Egypt Standard Time elapsed time: 7.496784 seconds (0d 0h 0m 7s)

---------------  T H R E A D  ---------------

Current thread (0x000001cb59025800):  JavaThread "C2 CompilerThread0" daemon [_thread_in_native, id=4592, stack(0x000000273d300000,0x000000273d400000)]


Current CompileTask:
C2:   7496 4303   !   4       java.net.URLClassLoader$1::run (63 bytes)

Stack: [0x000000273d300000,0x000000273d400000]
Native frames: (J=compiled Java code, j=interpreted, Vv=VM code, C=native code)
V  [jvm.dll+0x5fbcea]
V  [jvm.dll+0x731905]
V  [jvm.dll+0x732f1d]
V  [jvm.dll+0x7335d3]
V  [jvm.dll+0x247bf8]
V  [jvm.dll+0xc018c]
V  [jvm.dll+0xc06cc]
V  [jvm.dll+0x35b2db]
V  [jvm.dll+0x328803]
V  [jvm.dll+0x327cfa]
V  [jvm.dll+0x200602]
V  [jvm.dll+0x1ff794]
V  [jvm.dll+0x18868c]
V  [jvm.dll+0x20e0d7]
V  [jvm.dll+0x20c901]
V  [jvm.dll+0x6f9b7f]
V  [jvm.dll+0x6f26a5]
V  [jvm.dll+0x5fabf6]
C  [ucrtbase.dll+0x26c0c]
C  [KERNEL32.DLL+0x154e0]
C  [ntdll.dll+0x485b]


---------------  P R O C E S S  ---------------

Threads class SMR info:
_java_thread_list=0x000001cb5bf951a0, length=38, elements={
0x000001cb3f40e000, 0x000001cb59000000, 0x000001cb59005000, 0x000001cb59992800,
0x000001cb59020000, 0x000001cb59021800, 0x000001cb59025800, 0x000001cb59029800,
0x000001cb5902d000, 0x000001cb59ae2800, 0x000001cb5be9c800, 0x000001cb59c13800,
0x000001cb5bd0b800, 0x000001cb5be10000, 0x000001cb5bece800, 0x000001cb5bd02800,
0x000001cb5b929000, 0x000001cb5b1e0800, 0x000001cb5c20a800, 0x000001cb5bb65800,
0x000001cb5bb6c000, 0x000001cb5bb67800, 0x000001cb5bb66000, 0x000001cb5bb6b000,
0x000001cb5bb68800, 0x000001cb5bb67000, 0x000001cb5bb69800, 0x000001cb5bb6a000,
0x000001cb5d536800, 0x000001cb5d539000, 0x000001cb5d53b800, 0x000001cb5d53c800,
0x000001cb5d538800, 0x000001cb5d53a800, 0x000001cb59b9f800, 0x000001cb5d537800,
0x000001cb5d53f800, 0x000001cb5d53f000
}

Java Threads: ( => current thread )
  0x000001cb3f40e000 JavaThread "main" [_thread_blocked, id=8788, stack(0x000000273c700000,0x000000273c800000)]
  0x000001cb59000000 JavaThread "Reference Handler" daemon [_thread_blocked, id=780, stack(0x000000273ce00000,0x000000273cf00000)]
  0x000001cb59005000 JavaThread "Finalizer" daemon [_thread_blocked, id=7440, stack(0x000000273cf00000,0x000000273d000000)]
  0x000001cb59992800 JavaThread "Signal Dispatcher" daemon [_thread_blocked, id=10380, stack(0x000000273d000000,0x000000273d100000)]
  0x000001cb59020000 JavaThread "Attach Listener" daemon [_thread_blocked, id=10960, stack(0x000000273d100000,0x000000273d200000)]
  0x000001cb59021800 JavaThread "Service Thread" daemon [_thread_blocked, id=76, stack(0x000000273d200000,0x000000273d300000)]
=>0x000001cb59025800 JavaThread "C2 CompilerThread0" daemon [_thread_in_native, id=4592, stack(0x000000273d300000,0x000000273d400000)]
  0x000001cb59029800 JavaThread "C1 CompilerThread0" daemon [_thread_blocked, id=10184, stack(0x000000273d400000,0x000000273d500000)]
  0x000001cb5902d000 JavaThread "Sweeper thread" daemon [_thread_blocked, id=3316, stack(0x000000273d500000,0x000000273d600000)]
  0x000001cb59ae2800 JavaThread "Common-Cleaner" daemon [_thread_blocked, id=8296, stack(0x000000273d600000,0x000000273d700000)]
  0x000001cb5be9c800 JavaThread "Daemon health stats" [_thread_blocked, id=8204, stack(0x000000273db00000,0x000000273dc00000)]
  0x000001cb59c13800 JavaThread "Incoming local TCP Connector on port 64736" [_thread_in_native, id=5064, stack(0x000000273d800000,0x000000273d900000)]
  0x000001cb5bd0b800 JavaThread "Daemon periodic checks" [_thread_blocked, id=10308, stack(0x000000273dc00000,0x000000273dd00000)]
  0x000001cb5be10000 JavaThread "Daemon" [_thread_blocked, id=4924, stack(0x000000273dd00000,0x000000273de00000)]
  0x000001cb5bece800 JavaThread "Handler for socket connection from /127.0.0.1:64736 to /127.0.0.1:64737" [_thread_in_native, id=4664, stack(0x000000273de00000,0x000000273df00000)]
  0x000001cb5bd02800 JavaThread "Cancel handler" [_thread_blocked, id=2656, stack(0x000000273df00000,0x000000273e000000)]
  0x000001cb5b929000 JavaThread "Daemon worker" [_thread_in_vm, id=11036, stack(0x000000273e000000,0x000000273e100000)]
  0x000001cb5b1e0800 JavaThread "Asynchronous log dispatcher for DefaultDaemonConnection: socket connection from /127.0.0.1:64736 to /127.0.0.1:64737" [_thread_blocked, id=2164, stack(0x000000273e200000,0x000000273e300000)]
  0x000001cb5c20a800 JavaThread "Stdin handler" [_thread_blocked, id=7604, stack(0x000000273e300000,0x000000273e400000)]
  0x000001cb5bb65800 JavaThread "Daemon client event forwarder" [_thread_blocked, id=10996, stack(0x000000273e400000,0x000000273e500000)]
  0x000001cb5bb6c000 JavaThread "Cache worker for journal cache (C:\Users\Admin\.gradle\caches\journal-1)" [_thread_blocked, id=8428, stack(0x000000273e600000,0x000000273e700000)]
  0x000001cb5bb67800 JavaThread "File lock request listener" [_thread_in_native, id=6264, stack(0x000000273e700000,0x000000273e800000)]
  0x000001cb5bb66000 JavaThread "Cache worker for file hash cache (C:\Users\Admin\.gradle\caches\7.3.3\fileHashes)" [_thread_blocked, id=10428, stack(0x000000273e800000,0x000000273e900000)]
  0x000001cb5bb6b000 JavaThread "Cache worker for file hash cache (C:\Users\Admin\Desktop\jana\cw5\.gradle\7.3.3\fileHashes)" [_thread_blocked, id=10752, stack(0x000000273e900000,0x000000273ea00000)]
  0x000001cb5bb68800 JavaThread "File watcher server" daemon [_thread_in_native, id=10200, stack(0x000000273ea00000,0x000000273eb00000)]
  0x000001cb5bb67000 JavaThread "File watcher consumer" daemon [_thread_blocked, id=10720, stack(0x000000273eb00000,0x000000273ec00000)]
  0x000001cb5bb69800 JavaThread "jar transforms" [_thread_blocked, id=7436, stack(0x000000273ec00000,0x000000273ed00000)]
  0x000001cb5bb6a000 JavaThread "jar transforms Thread 2" [_thread_blocked, id=3860, stack(0x000000273ed00000,0x000000273ee00000)]
  0x000001cb5d536800 JavaThread "jar transforms Thread 3" [_thread_blocked, id=10964, stack(0x000000273ee00000,0x000000273ef00000)]
  0x000001cb5d539000 JavaThread "jar transforms Thread 4" [_thread_blocked, id=6260, stack(0x000000273ef00000,0x000000273f000000)]
  0x000001cb5d53b800 JavaThread "Cache worker for checksums cache (C:\Users\Admin\Desktop\jana\cw5\.gradle\7.3.3\checksums)" [_thread_blocked, id=6392, stack(0x000000273f000000,0x000000273f100000)]
  0x000001cb5d53c800 JavaThread "Cache worker for cache directory md-supplier (C:\Users\Admin\.gradle\caches\7.3.3\md-supplier)" [_thread_blocked, id=7708, stack(0x000000273f100000,0x000000273f200000)]
  0x000001cb5d538800 JavaThread "Cache worker for cache directory md-rule (C:\Users\Admin\.gradle\caches\7.3.3\md-rule)" [_thread_blocked, id=5764, stack(0x000000273f200000,0x000000273f300000)]
  0x000001cb5d53a800 JavaThread "Cache worker for execution history cache (C:\Users\Admin\.gradle\caches\7.3.3\executionHistory)" [_thread_blocked, id=10692, stack(0x000000273f300000,0x000000273f400000)]
  0x000001cb59b9f800 JavaThread "C2 CompilerThread1" daemon [_thread_in_native, id=3092, stack(0x000000273e100000,0x000000273e200000)]
  0x000001cb5d537800 JavaThread "Cache worker for file content cache (C:\Users\Admin\.gradle\caches\7.3.3\fileContent)" [_thread_blocked, id=7480, stack(0x000000273f400000,0x000000273f500000)]
  0x000001cb5d53f800 JavaThread "Cache worker for dependencies-accessors (C:\Users\Admin\Desktop\jana\cw5\.gradle\7.3.3\dependencies-accessors)" [_thread_blocked, id=10472, stack(0x000000273f500000,0x000000273f600000)]
  0x000001cb5d53f000 JavaThread "Cache worker for Build Output Cleanup Cache (C:\Users\Admin\Desktop\jana\cw5\.gradle\buildOutputCleanup)" [_thread_blocked, id=11148, stack(0x000000273f600000,0x000000273f700000)]

Other Threads:
  0x000001cb58ff9800 VMThread "VM Thread" [stack: 0x000000273cd00000,0x000000273ce00000] [id=6672]
  0x000001cb59aea000 WatcherThread [stack: 0x000000273d700000,0x000000273d800000] [id=10632]
  0x000001cb3f427800 GCTaskThread "GC Thread#0" [stack: 0x000000273c800000,0x000000273c900000] [id=7104]
  0x000001cb5a4d5800 GCTaskThread "GC Thread#1" [stack: 0x000000273d900000,0x000000273da00000] [id=1996]
  0x000001cb59e35800 GCTaskThread "GC Thread#2" [stack: 0x000000273da00000,0x000000273db00000] [id=3488]
  0x000001cb5b27b800 GCTaskThread "GC Thread#3" [stack: 0x000000273e500000,0x000000273e600000] [id=10072]
  0x000001cb3f45a000 ConcurrentGCThread "G1 Main Marker" [stack: 0x000000273c900000,0x000000273ca00000] [id=11008]
  0x000001cb3f45b000 ConcurrentGCThread "G1 Conc#0" [stack: 0x000000273ca00000,0x000000273cb00000] [id=3156]
  0x000001cb3f4ea800 ConcurrentGCThread "G1 Refine#0" [stack: 0x000000273cb00000,0x000000273cc00000] [id=9436]
  0x000001cb3f4eb800 ConcurrentGCThread "G1 Young RemSet Sampling" [stack: 0x000000273cc00000,0x000000273cd00000] [id=3708]

Threads with active compile tasks:
C2 CompilerThread0   7513 4303   !   4       java.net.URLClassLoader$1::run (63 bytes)
C2 CompilerThread1   7513 4377       4       java.lang.invoke.LambdaForm$Name::replaceNames (174 bytes)

VM state:not at safepoint (normal execution)

VM Mutex/Monitor currently owned by a thread: None

Heap address: 0x0000000080000000, size: 2048 MB, Compressed Oops mode: 32-bit
Narrow klass base: 0x0000000000000000, Narrow klass shift: 3
Compressed class space size: 1073741824 Address: 0x0000000100000000

Heap:
 garbage-first heap   total 189440K, used 84447K [0x0000000080000000, 0x0000000100000000)
  region size 1024K, 40 young (40960K), 10 survivors (10240K)
 Metaspace       used 48429K, capacity 49822K, committed 50120K, reserved 1093632K
  class space    used 6220K, capacity 6691K, committed 6784K, reserved 1048576K
Heap Regions: E=young(eden), S=young(survivor), O=old, HS=humongous(starts), HC=humongous(continues), CS=collection set, F=free, A=archive, TAMS=top-at-mark-start (previous, next)
|   0|0x0000000080000000, 0x0000000080100000, 0x0000000080100000|100%| O|  |TAMS 0x0000000080100000, 0x0000000080000000| Untracked 
|   1|0x0000000080100000, 0x0000000080200000, 0x0000000080200000|100%| O|  |TAMS 0x0000000080200000, 0x0000000080100000| Untracked 
|   2|0x0000000080200000, 0x0000000080300000, 0x0000000080300000|100%| O|  |TAMS 0x0000000080300000, 0x0000000080200000| Untracked 
|   3|0x0000000080300000, 0x0000000080400000, 0x0000000080400000|100%|HS|  |TAMS 0x0000000080400000, 0x0000000080300000| Complete 
|   4|0x0000000080400000, 0x0000000080500000, 0x0000000080500000|100%|HC|  |TAMS 0x0000000080500000, 0x0000000080400000| Complete 
|   5|0x0000000080500000, 0x0000000080600000, 0x0000000080600000|100%|HC|  |TAMS 0x0000000080600000, 0x0000000080500000| Complete 
|   6|0x0000000080600000, 0x0000000080700000, 0x0000000080700000|100%| O|  |TAMS 0x0000000080700000, 0x0000000080600000| Untracked 
|   7|0x0000000080700000, 0x0000000080800000, 0x0000000080800000|100%| O|  |TAMS 0x0000000080800000, 0x0000000080700000| Untracked 
|   8|0x0000000080800000, 0x0000000080900000, 0x0000000080900000|100%| O|  |TAMS 0x0000000080900000, 0x0000000080800000| Untracked 
|   9|0x0000000080900000, 0x0000000080a00000, 0x0000000080a00000|100%| O|  |TAMS 0x0000000080a00000, 0x0000000080900000| Untracked 
|  10|0x0000000080a00000, 0x0000000080b00000, 0x0000000080b00000|100%| O|  |TAMS 0x0000000080b00000, 0x0000000080a00000| Untracked 
|  11|0x0000000080b00000, 0x0000000080c00000, 0x0000000080c00000|100%| O|  |TAMS 0x0000000080c00000, 0x0000000080b00000| Untracked 
|  12|0x0000000080c00000, 0x0000000080d00000, 0x0000000080d00000|100%| O|  |TAMS 0x0000000080d00000, 0x0000000080c00000| Untracked 
|  13|0x0000000080d00000, 0x0000000080e00000, 0x0000000080e00000|100%| O|  |TAMS 0x0000000080e00000, 0x0000000080d00000| Untracked 
|  14|0x0000000080e00000, 0x0000000080f00000, 0x0000000080f00000|100%| O|  |TAMS 0x0000000080f00000, 0x0000000080e00000| Untracked 
|  15|0x0000000080f00000, 0x0000000081000000, 0x0000000081000000|100%| O|  |TAMS 0x0000000081000000, 0x0000000080f00000| Untracked 
|  16|0x0000000081000000, 0x0000000081100000, 0x0000000081100000|100%| O|  |TAMS 0x0000000081100000, 0x0000000081000000| Untracked 
|  17|0x0000000081100000, 0x0000000081200000, 0x0000000081200000|100%|HS|  |TAMS 0x0000000081200000, 0x0000000081100000| Complete 
|  18|0x0000000081200000, 0x0000000081300000, 0x0000000081300000|100%|HC|  |TAMS 0x0000000081300000, 0x0000000081200000| Complete 
|  19|0x0000000081300000, 0x0000000081400000, 0x0000000081400000|100%|HS|  |TAMS 0x0000000081400000, 0x0000000081300000| Complete 
|  20|0x0000000081400000, 0x0000000081500000, 0x0000000081500000|100%|HC|  |TAMS 0x0000000081500000, 0x0000000081400000| Complete 
|  21|0x0000000081500000, 0x0000000081600000, 0x0000000081600000|100%|HC|  |TAMS 0x0000000081600000, 0x0000000081500000| Complete 
|  22|0x0000000081600000, 0x0000000081700000, 0x0000000081700000|100%|HS|  |TAMS 0x0000000081700000, 0x0000000081600000| Complete 
|  23|0x0000000081700000, 0x0000000081800000, 0x0000000081800000|100%|HS|  |TAMS 0x0000000081800000, 0x0000000081700000| Complete 
|  24|0x0000000081800000, 0x0000000081900000, 0x0000000081900000|100%|HC|  |TAMS 0x0000000081900000, 0x0000000081800000| Complete 
|  25|0x0000000081900000, 0x0000000081a00000, 0x0000000081a00000|100%|HC|  |TAMS 0x0000000081a00000, 0x0000000081900000| Complete 
|  26|0x0000000081a00000, 0x0000000081b00000, 0x0000000081b00000|100%|HC|  |TAMS 0x0000000081b00000, 0x0000000081a00000| Complete 
|  27|0x0000000081b00000, 0x0000000081c00000, 0x0000000081c00000|100%| O|  |TAMS 0x0000000081c00000, 0x0000000081b00000| Untracked 
|  28|0x0000000081c00000, 0x0000000081d00000, 0x0000000081d00000|100%| O|  |TAMS 0x0000000081ceca00, 0x0000000081c00000| Untracked 
|  29|0x0000000081d00000, 0x0000000081e00000, 0x0000000081e00000|100%|HS|  |TAMS 0x0000000081d00000, 0x0000000081d00000| Complete 
|  30|0x0000000081e00000, 0x0000000081e00000, 0x0000000081f00000|  0%| F|  |TAMS 0x0000000081e00000, 0x0000000081e00000| Untracked 
|  31|0x0000000081f00000, 0x0000000081fb6000, 0x0000000082000000| 71%| O|  |TAMS 0x0000000081f00000, 0x0000000081f00000| Untracked 
|  32|0x0000000082000000, 0x0000000082100000, 0x0000000082100000|100%| O|  |TAMS 0x0000000082000000, 0x0000000082000000| Untracked 
|  33|0x0000000082100000, 0x0000000082200000, 0x0000000082200000|100%| O|  |TAMS 0x0000000082100000, 0x0000000082100000| Untracked 
|  34|0x0000000082200000, 0x0000000082300000, 0x0000000082300000|100%| O|  |TAMS 0x0000000082200000, 0x0000000082200000| Untracked 
|  35|0x0000000082300000, 0x0000000082400000, 0x0000000082400000|100%| O|  |TAMS 0x0000000082300000, 0x0000000082300000| Untracked 
|  36|0x0000000082400000, 0x0000000082500000, 0x0000000082500000|100%| O|  |TAMS 0x0000000082400000, 0x0000000082400000| Untracked 
|  37|0x0000000082500000, 0x0000000082600000, 0x0000000082600000|100%| O|  |TAMS 0x0000000082500000, 0x0000000082500000| Untracked 
|  38|0x0000000082600000, 0x0000000082700000, 0x0000000082700000|100%|HS|  |TAMS 0x0000000082600000, 0x0000000082600000| Complete 
|  39|0x0000000082700000, 0x0000000082800000, 0x0000000082800000|100%|HC|  |TAMS 0x0000000082700000, 0x0000000082700000| Complete 
|  40|0x0000000082800000, 0x0000000082900000, 0x0000000082900000|100%|HC|  |TAMS 0x0000000082800000, 0x0000000082800000| Complete 
|  41|0x0000000082900000, 0x0000000082a00000, 0x0000000082a00000|100%|HS|  |TAMS 0x0000000082900000, 0x0000000082900000| Complete 
|  42|0x0000000082a00000, 0x0000000082b00000, 0x0000000082b00000|100%|HC|  |TAMS 0x0000000082a00000, 0x0000000082a00000| Complete 
|  43|0x0000000082b00000, 0x0000000082c00000, 0x0000000082c00000|100%|HC|  |TAMS 0x0000000082b00000, 0x0000000082b00000| Complete 
|  44|0x0000000082c00000, 0x0000000082d00000, 0x0000000082d00000|100%|HC|  |TAMS 0x0000000082c00000, 0x0000000082c00000| Complete 
|  45|0x0000000082d00000, 0x0000000082d00000, 0x0000000082e00000|  0%| F|  |TAMS 0x0000000082d00000, 0x0000000082d00000| Untracked 
|  46|0x0000000082e00000, 0x0000000082e00000, 0x0000000082f00000|  0%| F|  |TAMS 0x0000000082e00000, 0x0000000082e00000| Untracked 
|  47|0x0000000082f00000, 0x0000000082f00000, 0x0000000083000000|  0%| F|  |TAMS 0x0000000082f00000, 0x0000000082f00000| Untracked 
|  48|0x0000000083000000, 0x0000000083000000, 0x0000000083100000|  0%| F|  |TAMS 0x0000000083000000, 0x0000000083000000| Untracked 
|  49|0x0000000083100000, 0x0000000083100000, 0x0000000083200000|  0%| F|  |TAMS 0x0000000083100000, 0x0000000083100000| Untracked 
|  50|0x0000000083200000, 0x0000000083200000, 0x0000000083300000|  0%| F|  |TAMS 0x0000000083200000, 0x0000000083200000| Untracked 
|  51|0x0000000083300000, 0x0000000083300000, 0x0000000083400000|  0%| F|  |TAMS 0x0000000083300000, 0x0000000083300000| Untracked 
|  52|0x0000000083400000, 0x0000000083400000, 0x0000000083500000|  0%| F|  |TAMS 0x0000000083400000, 0x0000000083400000| Untracked 
|  53|0x0000000083500000, 0x0000000083500000, 0x0000000083600000|  0%| F|  |TAMS 0x0000000083500000, 0x0000000083500000| Untracked 
|  54|0x0000000083600000, 0x0000000083600000, 0x0000000083700000|  0%| F|  |TAMS 0x0000000083600000, 0x0000000083600000| Untracked 
|  55|0x0000000083700000, 0x0000000083700000, 0x0000000083800000|  0%| F|  |TAMS 0x0000000083700000, 0x0000000083700000| Untracked 
|  56|0x0000000083800000, 0x0000000083800000, 0x0000000083900000|  0%| F|  |TAMS 0x0000000083800000, 0x0000000083800000| Untracked 
|  57|0x0000000083900000, 0x0000000083900000, 0x0000000083a00000|  0%| F|  |TAMS 0x0000000083900000, 0x0000000083900000| Untracked 
|  58|0x0000000083a00000, 0x0000000083a00000, 0x0000000083b00000|  0%| F|  |TAMS 0x0000000083a00000, 0x0000000083a00000| Untracked 
|  59|0x0000000083b00000, 0x0000000083b00000, 0x0000000083c00000|  0%| F|  |TAMS 0x0000000083b00000, 0x0000000083b00000| Untracked 
|  60|0x0000000083c00000, 0x0000000083c00000, 0x0000000083d00000|  0%| F|  |TAMS 0x0000000083c00000, 0x0000000083c00000| Untracked 
|  61|0x0000000083d00000, 0x0000000083d00000, 0x0000000083e00000|  0%| F|  |TAMS 0x0000000083d00000, 0x0000000083d00000| Untracked 
|  62|0x0000000083e00000, 0x0000000083e00000, 0x0000000083f00000|  0%| F|  |TAMS 0x0000000083e00000, 0x0000000083e00000| Untracked 
|  63|0x0000000083f00000, 0x0000000083f00000, 0x0000000084000000|  0%| F|  |TAMS 0x0000000083f00000, 0x0000000083f00000| Untracked 
|  64|0x0000000084000000, 0x0000000084000000, 0x0000000084100000|  0%| F|  |TAMS 0x0000000084000000, 0x0000000084000000| Untracked 
|  65|0x0000000084100000, 0x0000000084100000, 0x0000000084200000|  0%| F|  |TAMS 0x0000000084100000, 0x0000000084100000| Untracked 
|  66|0x0000000084200000, 0x0000000084200000, 0x0000000084300000|  0%| F|  |TAMS 0x0000000084200000, 0x0000000084200000| Untracked 
|  67|0x0000000084300000, 0x0000000084300000, 0x0000000084400000|  0%| F|  |TAMS 0x0000000084300000, 0x0000000084300000| Untracked 
|  68|0x0000000084400000, 0x0000000084400000, 0x0000000084500000|  0%| F|  |TAMS 0x0000000084400000, 0x0000000084400000| Untracked 
|  69|0x0000000084500000, 0x0000000084500000, 0x0000000084600000|  0%| F|  |TAMS 0x0000000084500000, 0x0000000084500000| Untracked 
|  70|0x0000000084600000, 0x0000000084600000, 0x0000000084700000|  0%| F|  |TAMS 0x0000000084600000, 0x0000000084600000| Untracked 
|  71|0x0000000084700000, 0x0000000084700000, 0x0000000084800000|  0%| F|  |TAMS 0x0000000084700000, 0x0000000084700000| Untracked 
|  72|0x0000000084800000, 0x0000000084800000, 0x0000000084900000|  0%| F|  |TAMS 0x0000000084800000, 0x0000000084800000| Untracked 
|  73|0x0000000084900000, 0x0000000084900000, 0x0000000084a00000|  0%| F|  |TAMS 0x0000000084900000, 0x0000000084900000| Untracked 
|  74|0x0000000084a00000, 0x0000000084a00000, 0x0000000084b00000|  0%| F|  |TAMS 0x0000000084a00000, 0x0000000084a00000| Untracked 
|  75|0x0000000084b00000, 0x0000000084b00000, 0x0000000084c00000|  0%| F|  |TAMS 0x0000000084b00000, 0x0000000084b00000| Untracked 
|  76|0x0000000084c00000, 0x0000000084c00000, 0x0000000084d00000|  0%| F|  |TAMS 0x0000000084c00000, 0x0000000084c00000| Untracked 
|  77|0x0000000084d00000, 0x0000000084d00000, 0x0000000084e00000|  0%| F|  |TAMS 0x0000000084d00000, 0x0000000084d00000| Untracked 
|  78|0x0000000084e00000, 0x0000000084e00000, 0x0000000084f00000|  0%| F|  |TAMS 0x0000000084e00000, 0x0000000084e00000| Untracked 
|  79|0x0000000084f00000, 0x0000000084f00000, 0x0000000085000000|  0%| F|  |TAMS 0x0000000084f00000, 0x0000000084f00000| Untracked 
|  80|0x0000000085000000, 0x0000000085000000, 0x0000000085100000|  0%| F|  |TAMS 0x0000000085000000, 0x0000000085000000| Untracked 
|  81|0x0000000085100000, 0x0000000085100000, 0x0000000085200000|  0%| F|  |TAMS 0x0000000085100000, 0x0000000085100000| Untracked 
|  82|0x0000000085200000, 0x0000000085200000, 0x0000000085300000|  0%| F|  |TAMS 0x0000000085200000, 0x0000000085200000| Untracked 
|  83|0x0000000085300000, 0x0000000085300000, 0x0000000085400000|  0%| F|  |TAMS 0x0000000085300000, 0x0000000085300000| Untracked 
|  84|0x0000000085400000, 0x0000000085400000, 0x0000000085500000|  0%| F|  |TAMS 0x0000000085400000, 0x0000000085400000| Untracked 
|  85|0x0000000085500000, 0x0000000085500000, 0x0000000085600000|  0%| F|  |TAMS 0x0000000085500000, 0x0000000085500000| Untracked 
|  86|0x0000000085600000, 0x0000000085600000, 0x0000000085700000|  0%| F|  |TAMS 0x0000000085600000, 0x0000000085600000| Untracked 
|  87|0x0000000085700000, 0x0000000085700000, 0x0000000085800000|  0%| F|  |TAMS 0x0000000085700000, 0x0000000085700000| Untracked 
|  88|0x0000000085800000, 0x0000000085800000, 0x0000000085900000|  0%| F|  |TAMS 0x0000000085800000, 0x0000000085800000| Untracked 
|  89|0x0000000085900000, 0x0000000085900000, 0x0000000085a00000|  0%| F|  |TAMS 0x0000000085900000, 0x0000000085900000| Untracked 
|  90|0x0000000085a00000, 0x0000000085a00000, 0x0000000085b00000|  0%| F|  |TAMS 0x0000000085a00000, 0x0000000085a00000| Untracked 
|  91|0x0000000085b00000, 0x0000000085b00000, 0x0000000085c00000|  0%| F|  |TAMS 0x0000000085b00000, 0x0000000085b00000| Untracked 
|  92|0x0000000085c00000, 0x0000000085c00000, 0x0000000085d00000|  0%| F|  |TAMS 0x0000000085c00000, 0x0000000085c00000| Untracked 
|  93|0x0000000085d00000, 0x0000000085d00000, 0x0000000085e00000|  0%| F|  |TAMS 0x0000000085d00000, 0x0000000085d00000| Untracked 
|  94|0x0000000085e00000, 0x0000000085e00000, 0x0000000085f00000|  0%| F|  |TAMS 0x0000000085e00000, 0x0000000085e00000| Untracked 
|  95|0x0000000085f00000, 0x0000000085f00000, 0x0000000086000000|  0%| F|  |TAMS 0x0000000085f00000, 0x0000000085f00000| Untracked 
|  96|0x0000000086000000, 0x0000000086000000, 0x0000000086100000|  0%| F|  |TAMS 0x0000000086000000, 0x0000000086000000| Untracked 
|  97|0x0000000086100000, 0x0000000086100000, 0x0000000086200000|  0%| F|  |TAMS 0x0000000086100000, 0x0000000086100000| Untracked 
|  98|0x0000000086200000, 0x0000000086200000, 0x0000000086300000|  0%| F|  |TAMS 0x0000000086200000, 0x0000000086200000| Untracked 
|  99|0x0000000086300000, 0x0000000086300000, 0x0000000086400000|  0%| F|  |TAMS 0x0000000086300000, 0x0000000086300000| Untracked 
| 100|0x0000000086400000, 0x0000000086400000, 0x0000000086500000|  0%| F|  |TAMS 0x0000000086400000, 0x0000000086400000| Untracked 
| 101|0x0000000086500000, 0x0000000086500000, 0x0000000086600000|  0%| F|  |TAMS 0x0000000086500000, 0x0000000086500000| Untracked 
| 102|0x0000000086600000, 0x0000000086600000, 0x0000000086700000|  0%| F|  |TAMS 0x0000000086600000, 0x0000000086600000| Untracked 
| 103|0x0000000086700000, 0x0000000086700000, 0x0000000086800000|  0%| F|  |TAMS 0x0000000086700000, 0x0000000086700000| Untracked 
| 104|0x0000000086800000, 0x0000000086800000, 0x0000000086900000|  0%| F|  |TAMS 0x0000000086800000, 0x0000000086800000| Untracked 
| 105|0x0000000086900000, 0x00000000869c1dd0, 0x0000000086a00000| 75%| S|CS|TAMS 0x0000000086900000, 0x0000000086900000| Complete 
| 106|0x0000000086a00000, 0x0000000086b00000, 0x0000000086b00000|100%| S|CS|TAMS 0x0000000086a00000, 0x0000000086a00000| Complete 
| 107|0x0000000086b00000, 0x0000000086c00000, 0x0000000086c00000|100%| S|CS|TAMS 0x0000000086b00000, 0x0000000086b00000| Complete 
| 108|0x0000000086c00000, 0x0000000086d00000, 0x0000000086d00000|100%| S|CS|TAMS 0x0000000086c00000, 0x0000000086c00000| Complete 
| 109|0x0000000086d00000, 0x0000000086e00000, 0x0000000086e00000|100%| S|CS|TAMS 0x0000000086d00000, 0x0000000086d00000| Complete 
| 110|0x0000000086e00000, 0x0000000086f00000, 0x0000000086f00000|100%| S|CS|TAMS 0x0000000086e00000, 0x0000000086e00000| Complete 
| 111|0x0000000086f00000, 0x0000000087000000, 0x0000000087000000|100%| S|CS|TAMS 0x0000000086f00000, 0x0000000086f00000| Complete 
| 112|0x0000000087000000, 0x0000000087100000, 0x0000000087100000|100%| S|CS|TAMS 0x0000000087000000, 0x0000000087000000| Complete 
| 113|0x0000000087100000, 0x0000000087200000, 0x0000000087200000|100%| S|CS|TAMS 0x0000000087100000, 0x0000000087100000| Complete 
| 114|0x0000000087200000, 0x0000000087300000, 0x0000000087300000|100%| S|CS|TAMS 0x0000000087200000, 0x0000000087200000| Complete 
| 115|0x0000000087300000, 0x0000000087300000, 0x0000000087400000|  0%| F|  |TAMS 0x0000000087300000, 0x0000000087300000| Untracked 
| 116|0x0000000087400000, 0x0000000087400000, 0x0000000087500000|  0%| F|  |TAMS 0x0000000087400000, 0x0000000087400000| Untracked 
| 117|0x0000000087500000, 0x0000000087500000, 0x0000000087600000|  0%| F|  |TAMS 0x0000000087500000, 0x0000000087500000| Untracked 
| 118|0x0000000087600000, 0x0000000087600000, 0x0000000087700000|  0%| F|  |TAMS 0x0000000087600000, 0x0000000087600000| Untracked 
| 119|0x0000000087700000, 0x0000000087700000, 0x0000000087800000|  0%| F|  |TAMS 0x0000000087700000, 0x0000000087700000| Untracked 
| 120|0x0000000087800000, 0x0000000087800000, 0x0000000087900000|  0%| F|  |TAMS 0x0000000087800000, 0x0000000087800000| Untracked 
| 121|0x0000000087900000, 0x0000000087900000, 0x0000000087a00000|  0%| F|  |TAMS 0x0000000087900000, 0x0000000087900000| Untracked 
| 122|0x0000000087a00000, 0x0000000087a00000, 0x0000000087b00000|  0%| F|  |TAMS 0x0000000087a00000, 0x0000000087a00000| Untracked 
| 123|0x0000000087b00000, 0x0000000087b00000, 0x0000000087c00000|  0%| F|  |TAMS 0x0000000087b00000, 0x0000000087b00000| Untracked 
| 124|0x0000000087c00000, 0x0000000087c00000, 0x0000000087d00000|  0%| F|  |TAMS 0x0000000087c00000, 0x0000000087c00000| Untracked 
| 125|0x0000000087d00000, 0x0000000087d00000, 0x0000000087e00000|  0%| F|  |TAMS 0x0000000087d00000, 0x0000000087d00000| Untracked 
| 126|0x0000000087e00000, 0x0000000087e00000, 0x0000000087f00000|  0%| F|  |TAMS 0x0000000087e00000, 0x0000000087e00000| Untracked 
| 127|0x0000000087f00000, 0x0000000087f00000, 0x0000000088000000|  0%| F|  |TAMS 0x0000000087f00000, 0x0000000087f00000| Untracked 
| 128|0x0000000088000000, 0x0000000088000000, 0x0000000088100000|  0%| F|  |TAMS 0x0000000088000000, 0x0000000088000000| Untracked 
| 129|0x0000000088100000, 0x0000000088100000, 0x0000000088200000|  0%| F|  |TAMS 0x0000000088100000, 0x0000000088100000| Untracked 
| 130|0x0000000088200000, 0x0000000088200000, 0x0000000088300000|  0%| F|  |TAMS 0x0000000088200000, 0x0000000088200000| Untracked 
| 131|0x0000000088300000, 0x0000000088300000, 0x0000000088400000|  0%| F|  |TAMS 0x0000000088300000, 0x0000000088300000| Untracked 
| 132|0x0000000088400000, 0x0000000088400000, 0x0000000088500000|  0%| F|  |TAMS 0x0000000088400000, 0x0000000088400000| Untracked 
| 133|0x0000000088500000, 0x0000000088500000, 0x0000000088600000|  0%| F|  |TAMS 0x0000000088500000, 0x0000000088500000| Untracked 
| 134|0x0000000088600000, 0x0000000088600000, 0x0000000088700000|  0%| F|  |TAMS 0x0000000088600000, 0x0000000088600000| Untracked 
| 135|0x0000000088700000, 0x0000000088700000, 0x0000000088800000|  0%| F|  |TAMS 0x0000000088700000, 0x0000000088700000| Untracked 
| 136|0x0000000088800000, 0x0000000088800000, 0x0000000088900000|  0%| F|  |TAMS 0x0000000088800000, 0x0000000088800000| Untracked 
| 137|0x0000000088900000, 0x0000000088900000, 0x0000000088a00000|  0%| F|  |TAMS 0x0000000088900000, 0x0000000088900000| Untracked 
| 138|0x0000000088a00000, 0x0000000088a00000, 0x0000000088b00000|  0%| F|  |TAMS 0x0000000088a00000, 0x0000000088a00000| Untracked 
| 139|0x0000000088b00000, 0x0000000088b00000, 0x0000000088c00000|  0%| F|  |TAMS 0x0000000088b00000, 0x0000000088b00000| Untracked 
| 140|0x0000000088c00000, 0x0000000088c00000, 0x0000000088d00000|  0%| F|  |TAMS 0x0000000088c00000, 0x0000000088c00000| Untracked 
| 141|0x0000000088d00000, 0x0000000088d00000, 0x0000000088e00000|  0%| F|  |TAMS 0x0000000088d00000, 0x0000000088d00000| Untracked 
| 142|0x0000000088e00000, 0x0000000088e00000, 0x0000000088f00000|  0%| F|  |TAMS 0x0000000088e00000, 0x0000000088e00000| Untracked 
| 143|0x0000000088f00000, 0x0000000088f00000, 0x0000000089000000|  0%| F|  |TAMS 0x0000000088f00000, 0x0000000088f00000| Untracked 
| 144|0x0000000089000000, 0x0000000089000000, 0x0000000089100000|  0%| F|  |TAMS 0x0000000089000000, 0x0000000089000000| Untracked 
| 145|0x0000000089100000, 0x0000000089100000, 0x0000000089200000|  0%| F|  |TAMS 0x0000000089100000, 0x0000000089100000| Untracked 
| 146|0x0000000089200000, 0x0000000089200000, 0x0000000089300000|  0%| F|  |TAMS 0x0000000089200000, 0x0000000089200000| Untracked 
| 147|0x0000000089300000, 0x0000000089300000, 0x0000000089400000|  0%| F|  |TAMS 0x0000000089300000, 0x0000000089300000| Untracked 
| 148|0x0000000089400000, 0x0000000089400000, 0x0000000089500000|  0%| F|  |TAMS 0x0000000089400000, 0x0000000089400000| Untracked 
| 149|0x0000000089500000, 0x0000000089500000, 0x0000000089600000|  0%| F|  |TAMS 0x0000000089500000, 0x0000000089500000| Untracked 
| 150|0x0000000089600000, 0x0000000089600000, 0x0000000089700000|  0%| F|  |TAMS 0x0000000089600000, 0x0000000089600000| Untracked 
| 151|0x0000000089700000, 0x0000000089700000, 0x0000000089800000|  0%| F|  |TAMS 0x0000000089700000, 0x0000000089700000| Untracked 
| 152|0x0000000089800000, 0x0000000089800000, 0x0000000089900000|  0%| F|  |TAMS 0x0000000089800000, 0x0000000089800000| Untracked 
| 153|0x0000000089900000, 0x0000000089900000, 0x0000000089a00000|  0%| F|  |TAMS 0x0000000089900000, 0x0000000089900000| Untracked 
| 154|0x0000000089a00000, 0x0000000089a80800, 0x0000000089b00000| 50%| E|  |TAMS 0x0000000089a00000, 0x0000000089a00000| Complete 
| 155|0x0000000089b00000, 0x0000000089c00000, 0x0000000089c00000|100%| E|CS|TAMS 0x0000000089b00000, 0x0000000089b00000| Complete 
| 156|0x0000000089c00000, 0x0000000089d00000, 0x0000000089d00000|100%| E|CS|TAMS 0x0000000089c00000, 0x0000000089c00000| Complete 
| 157|0x0000000089d00000, 0x0000000089e00000, 0x0000000089e00000|100%| E|CS|TAMS 0x0000000089d00000, 0x0000000089d00000| Complete 
| 158|0x0000000089e00000, 0x0000000089f00000, 0x0000000089f00000|100%| E|CS|TAMS 0x0000000089e00000, 0x0000000089e00000| Complete 
| 159|0x0000000089f00000, 0x000000008a000000, 0x000000008a000000|100%| E|CS|TAMS 0x0000000089f00000, 0x0000000089f00000| Complete 
| 160|0x000000008a000000, 0x000000008a100000, 0x000000008a100000|100%| E|CS|TAMS 0x000000008a000000, 0x000000008a000000| Complete 
| 161|0x000000008a100000, 0x000000008a200000, 0x000000008a200000|100%| E|CS|TAMS 0x000000008a100000, 0x000000008a100000| Complete 
| 162|0x000000008a200000, 0x000000008a300000, 0x000000008a300000|100%| E|CS|TAMS 0x000000008a200000, 0x000000008a200000| Complete 
| 163|0x000000008a300000, 0x000000008a400000, 0x000000008a400000|100%| E|CS|TAMS 0x000000008a300000, 0x000000008a300000| Complete 
| 164|0x000000008a400000, 0x000000008a500000, 0x000000008a500000|100%| E|CS|TAMS 0x000000008a400000, 0x000000008a400000| Complete 
| 165|0x000000008a500000, 0x000000008a600000, 0x000000008a600000|100%| E|CS|TAMS 0x000000008a500000, 0x000000008a500000| Complete 
| 166|0x000000008a600000, 0x000000008a700000, 0x000000008a700000|100%| E|CS|TAMS 0x000000008a600000, 0x000000008a600000| Complete 
| 167|0x000000008a700000, 0x000000008a800000, 0x000000008a800000|100%| E|CS|TAMS 0x000000008a700000, 0x000000008a700000| Complete 
| 168|0x000000008a800000, 0x000000008a900000, 0x000000008a900000|100%| E|CS|TAMS 0x000000008a800000, 0x000000008a800000| Complete 
| 169|0x000000008a900000, 0x000000008aa00000, 0x000000008aa00000|100%| E|CS|TAMS 0x000000008a900000, 0x000000008a900000| Complete 
| 170|0x000000008aa00000, 0x000000008ab00000, 0x000000008ab00000|100%| E|CS|TAMS 0x000000008aa00000, 0x000000008aa00000| Complete 
| 171|0x000000008ab00000, 0x000000008ac00000, 0x000000008ac00000|100%| E|CS|TAMS 0x000000008ab00000, 0x000000008ab00000| Complete 
| 172|0x000000008ac00000, 0x000000008ad00000, 0x000000008ad00000|100%| E|CS|TAMS 0x000000008ac00000, 0x000000008ac00000| Complete 
| 173|0x000000008ad00000, 0x000000008ae00000, 0x000000008ae00000|100%| E|CS|TAMS 0x000000008ad00000, 0x000000008ad00000| Complete 
| 174|0x000000008ae00000, 0x000000008af00000, 0x000000008af00000|100%| E|CS|TAMS 0x000000008ae00000, 0x000000008ae00000| Complete 
| 175|0x000000008af00000, 0x000000008b000000, 0x000000008b000000|100%| E|CS|TAMS 0x000000008af00000, 0x000000008af00000| Complete 
| 176|0x000000008b000000, 0x000000008b100000, 0x000000008b100000|100%| E|CS|TAMS 0x000000008b000000, 0x000000008b000000| Complete 
| 177|0x000000008b100000, 0x000000008b200000, 0x000000008b200000|100%| E|CS|TAMS 0x000000008b100000, 0x000000008b100000| Complete 
| 178|0x000000008b200000, 0x000000008b300000, 0x000000008b300000|100%| E|CS|TAMS 0x000000008b200000, 0x000000008b200000| Complete 
| 179|0x000000008b300000, 0x000000008b400000, 0x000000008b400000|100%| E|CS|TAMS 0x000000008b300000, 0x000000008b300000| Complete 
| 180|0x000000008b400000, 0x000000008b500000, 0x000000008b500000|100%| E|CS|TAMS 0x000000008b400000, 0x000000008b400000| Complete 
| 181|0x000000008b500000, 0x000000008b600000, 0x000000008b600000|100%| E|CS|TAMS 0x000000008b500000, 0x000000008b500000| Complete 
| 182|0x000000008b600000, 0x000000008b700000, 0x000000008b700000|100%| E|CS|TAMS 0x000000008b600000, 0x000000008b600000| Complete 
| 183|0x000000008b700000, 0x000000008b800000, 0x000000008b800000|100%| E|CS|TAMS 0x000000008b700000, 0x000000008b700000| Complete 
| 184|0x000000008b800000, 0x000000008b900000, 0x000000008b900000|100%| E|CS|TAMS 0x000000008b800000, 0x000000008b800000| Complete 

Card table byte_map: [0x000001cb52320000,0x000001cb52720000] _byte_map_base: 0x000001cb51f20000

Marking Bits (Prev, Next): (CMBitMap*) 0x000001cb3f450f98, (CMBitMap*) 0x000001cb3f450fd0
 Prev Bits: [0x000001cb52b20000, 0x000001cb54b20000)
 Next Bits: [0x000001cb54b20000, 0x000001cb56b20000)

Polling page: 0x000001cb3d370000

Metaspace:

Usage:
  Non-class:     42.12 MB capacity,    41.24 MB ( 98%) used,   777.41 KB (  2%) free+waste,   124.88 KB ( <1%) overhead. 
      Class:      6.53 MB capacity,     6.08 MB ( 93%) used,   407.78 KB (  6%) free+waste,    60.75 KB ( <1%) overhead. 
       Both:     48.65 MB capacity,    47.32 MB ( 97%) used,     1.16 MB (  2%) free+waste,   185.63 KB ( <1%) overhead. 

Virtual space:
  Non-class space:       44.00 MB reserved,      42.32 MB ( 96%) committed 
      Class space:        1.00 GB reserved,       6.63 MB ( <1%) committed 
             Both:        1.04 GB reserved,      48.95 MB (  5%) committed 

Chunk freelists:
   Non-Class:  13.00 KB
       Class:  0 bytes
        Both:  13.00 KB

MaxMetaspaceSize: 17179869184.00 GB
CompressedClassSpaceSize: 1.00 GB
Initial GC threshold: 20.80 MB
Current GC threshold: 58.66 MB
CDS: off

CodeHeap 'non-profiled nmethods': size=120064Kb used=2486Kb max_used=2486Kb free=117577Kb
 bounds [0x000001cb4a9e0000, 0x000001cb4ac50000, 0x000001cb51f20000]
CodeHeap 'profiled nmethods': size=120000Kb used=9670Kb max_used=9670Kb free=110330Kb
 bounds [0x000001cb434b0000, 0x000001cb43e30000, 0x000001cb4a9e0000]
CodeHeap 'non-nmethods': size=5696Kb used=2294Kb max_used=2335Kb free=3401Kb
 bounds [0x000001cb42f20000, 0x000001cb43190000, 0x000001cb434b0000]
 total_blobs=5155 nmethods=4368 adapters=699
 compilation: enabled
              stopped_count=0, restarted_count=0
 full_count=0

Compilation events (20 events):
Event: 7.470 Thread 0x000001cb59029800 nmethod 4349 0x000001cb43e0cf10 code [0x000001cb43e0d260, 0x000001cb43e0e7c8]
Event: 7.470 Thread 0x000001cb59029800 4350       3       org.gradle.launcher.daemon.server.exec.DaemonConnectionBackedEventConsumer$ForwardEvents::moreMessagesToSend (35 bytes)
Event: 7.470 Thread 0x000001cb59029800 nmethod 4350 0x000001cb43e0f090 code [0x000001cb43e0f260, 0x000001cb43e0f508]
Event: 7.470 Thread 0x000001cb59029800 4351   !   3       org.gradle.launcher.daemon.server.exec.DaemonConnectionBackedEventConsumer$ForwardEvents::getNextEvent (27 bytes)
Event: 7.471 Thread 0x000001cb59029800 nmethod 4351 0x000001cb43e0f610 code [0x000001cb43e0f7e0, 0x000001cb43e0fa28]
Event: 7.471 Thread 0x000001cb59029800 4352       3       java.util.concurrent.atomic.AtomicReferenceArray::<init> (13 bytes)
Event: 7.472 Thread 0x000001cb59029800 nmethod 4352 0x000001cb43e0fb90 code [0x000001cb43e0fd40, 0x000001cb43e0ff98]
Event: 7.472 Thread 0x000001cb59029800 4354       3       com.google.common.cache.LocalCache::usesValueReferences (16 bytes)
Event: 7.472 Thread 0x000001cb59029800 nmethod 4354 0x000001cb43e10090 code [0x000001cb43e10240, 0x000001cb43e103b8]
Event: 7.472 Thread 0x000001cb59029800 4353       3       com.google.common.cache.LocalCache::usesKeyReferences (16 bytes)
Event: 7.472 Thread 0x000001cb59029800 nmethod 4353 0x000001cb43e10490 code [0x000001cb43e10640, 0x000001cb43e107b8]
Event: 7.479 Thread 0x000001cb59029800 4355       3       java.lang.reflect.AccessibleObject::verifyAccess (84 bytes)
Event: 7.479 Thread 0x000001cb59029800 nmethod 4355 0x000001cb43e10890 code [0x000001cb43e10a80, 0x000001cb43e110a8]
Event: 7.493 Thread 0x000001cb59029800 4359       3       java.lang.invoke.LambdaForm::methodType (48 bytes)
Event: 7.494 Thread 0x000001cb59029800 nmethod 4359 0x000001cb43e11210 code [0x000001cb43e11420, 0x000001cb43e119d8]
Event: 7.494 Thread 0x000001cb59029800 4360       3       jdk.internal.org.objectweb.asm.Frame::initInputFrame (158 bytes)
Event: 7.495 Thread 0x000001cb59029800 nmethod 4360 0x000001cb43e11c90 code [0x000001cb43e11ee0, 0x000001cb43e12808]
Event: 7.495 Thread 0x000001cb59029800 4362       1       java.lang.invoke.ClassSpecializer$SpeciesData::getterFunctions (5 bytes)
Event: 7.495 Thread 0x000001cb59029800 nmethod 4362 0x000001cb4ac46910 code [0x000001cb4ac46ac0, 0x000001cb4ac46b78]
Event: 7.495 Thread 0x000001cb59029800 4363       3       jdk.internal.org.objectweb.asm.Frame::execute (2264 bytes)

GC Heap History (20 events):
Event: 0.516 GC heap before
{Heap before GC invocations=0 (full 0):
 garbage-first heap   total 131072K, used 20480K [0x0000000080000000, 0x0000000100000000)
  region size 1024K, 14 young (14336K), 0 survivors (0K)
 Metaspace       used 6737K, capacity 6921K, committed 7168K, reserved 1056768K
  class space    used 582K, capacity 650K, committed 768K, reserved 1048576K
}
Event: 0.523 GC heap after
{Heap after GC invocations=1 (full 0):
 garbage-first heap   total 131072K, used 7556K [0x0000000080000000, 0x0000000100000000)
  region size 1024K, 2 young (2048K), 2 survivors (2048K)
 Metaspace       used 6737K, capacity 6921K, committed 7168K, reserved 1056768K
  class space    used 582K, capacity 650K, committed 768K, reserved 1048576K
}
Event: 0.881 GC heap before
{Heap before GC invocations=1 (full 0):
 garbage-first heap   total 131072K, used 18820K [0x0000000080000000, 0x0000000100000000)
  region size 1024K, 13 young (13312K), 2 survivors (2048K)
 Metaspace       used 9877K, capacity 10114K, committed 10368K, reserved 1058816K
  class space    used 1027K, capacity 1102K, committed 1152K, reserved 1048576K
}
Event: 0.884 GC heap after
{Heap after GC invocations=2 (full 0):
 garbage-first heap   total 131072K, used 9440K [0x0000000080000000, 0x0000000100000000)
  region size 1024K, 2 young (2048K), 2 survivors (2048K)
 Metaspace       used 9877K, capacity 10114K, committed 10368K, reserved 1058816K
  class space    used 1027K, capacity 1102K, committed 1152K, reserved 1048576K
}
Event: 1.287 GC heap before
{Heap before GC invocations=2 (full 0):
 garbage-first heap   total 131072K, used 39136K [0x0000000080000000, 0x0000000100000000)
  region size 1024K, 30 young (30720K), 2 survivors (2048K)
 Metaspace       used 10866K, capacity 11069K, committed 11264K, reserved 1058816K
  class space    used 1130K, capacity 1207K, committed 1280K, reserved 1048576K
}
Event: 1.292 GC heap after
{Heap after GC invocations=3 (full 0):
 garbage-first heap   total 131072K, used 11538K [0x0000000080000000, 0x0000000100000000)
  region size 1024K, 3 young (3072K), 3 survivors (3072K)
 Metaspace       used 10866K, capacity 11069K, committed 11264K, reserved 1058816K
  class space    used 1130K, capacity 1207K, committed 1280K, reserved 1048576K
}
Event: 2.736 GC heap before
{Heap before GC invocations=3 (full 0):
 garbage-first heap   total 131072K, used 55570K [0x0000000080000000, 0x0000000100000000)
  region size 1024K, 46 young (47104K), 3 survivors (3072K)
 Metaspace       used 17986K, capacity 18400K, committed 18688K, reserved 1064960K
  class space    used 2116K, capacity 2258K, committed 2304K, reserved 1048576K
}
Event: 2.743 GC heap after
{Heap after GC invocations=4 (full 0):
 garbage-first heap   total 131072K, used 16602K [0x0000000080000000, 0x0000000100000000)
  region size 1024K, 6 young (6144K), 6 survivors (6144K)
 Metaspace       used 17986K, capacity 18400K, committed 18688K, reserved 1064960K
  class space    used 2116K, capacity 2258K, committed 2304K, reserved 1048576K
}
Event: 2.989 GC heap before
{Heap before GC invocations=4 (full 0):
 garbage-first heap   total 131072K, used 43226K [0x0000000080000000, 0x0000000100000000)
  region size 1024K, 33 young (33792K), 6 survivors (6144K)
 Metaspace       used 20665K, capacity 21145K, committed 21296K, reserved 1069056K
  class space    used 2529K, capacity 2662K, committed 2688K, reserved 1048576K
}
Event: 2.997 GC heap after
{Heap after GC invocations=5 (full 0):
 garbage-first heap   total 157696K, used 17391K [0x0000000080000000, 0x0000000100000000)
  region size 1024K, 5 young (5120K), 5 survivors (5120K)
 Metaspace       used 20665K, capacity 21145K, committed 21296K, reserved 1069056K
  class space    used 2529K, capacity 2662K, committed 2688K, reserved 1048576K
}
Event: 3.673 GC heap before
{Heap before GC invocations=6 (full 0):
 garbage-first heap   total 157696K, used 70639K [0x0000000080000000, 0x0000000100000000)
  region size 1024K, 57 young (58368K), 5 survivors (5120K)
 Metaspace       used 26339K, capacity 26982K, committed 27184K, reserved 1073152K
  class space    used 3404K, capacity 3634K, committed 3712K, reserved 1048576K
}
Event: 3.681 GC heap after
{Heap after GC invocations=7 (full 0):
 garbage-first heap   total 157696K, used 19606K [0x0000000080000000, 0x0000000100000000)
  region size 1024K, 3 young (3072K), 3 survivors (3072K)
 Metaspace       used 26339K, capacity 26982K, committed 27184K, reserved 1073152K
  class space    used 3404K, capacity 3634K, committed 3712K, reserved 1048576K
}
Event: 4.587 GC heap before
{Heap before GC invocations=7 (full 0):
 garbage-first heap   total 157696K, used 96406K [0x0000000080000000, 0x0000000100000000)
  region size 1024K, 69 young (70656K), 3 survivors (3072K)
 Metaspace       used 32251K, capacity 33163K, committed 33328K, reserved 1077248K
  class space    used 4348K, capacity 4671K, committed 4736K, reserved 1048576K
}
Event: 4.595 GC heap after
{Heap after GC invocations=8 (full 0):
 garbage-first heap   total 157696K, used 34955K [0x0000000080000000, 0x0000000100000000)
  region size 1024K, 8 young (8192K), 8 survivors (8192K)
 Metaspace       used 32251K, capacity 33163K, committed 33328K, reserved 1077248K
  class space    used 4348K, capacity 4671K, committed 4736K, reserved 1048576K
}
Event: 5.125 GC heap before
{Heap before GC invocations=8 (full 0):
 garbage-first heap   total 157696K, used 47243K [0x0000000080000000, 0x0000000100000000)
  region size 1024K, 21 young (21504K), 8 survivors (8192K)
 Metaspace       used 34680K, capacity 35546K, committed 35632K, reserved 1079296K
  class space    used 4631K, capacity 4954K, committed 4992K, reserved 1048576K
}
Event: 5.135 GC heap after
{Heap after GC invocations=9 (full 0):
 garbage-first heap   total 157696K, used 36462K [0x0000000080000000, 0x0000000100000000)
  region size 1024K, 7 young (7168K), 7 survivors (7168K)
 Metaspace       used 34680K, capacity 35546K, committed 35632K, reserved 1079296K
  class space    used 4631K, capacity 4954K, committed 4992K, reserved 1048576K
}
Event: 6.343 GC heap before
{Heap before GC invocations=10 (full 0):
 garbage-first heap   total 157696K, used 95854K [0x0000000080000000, 0x0000000100000000)
  region size 1024K, 63 young (64512K), 7 survivors (7168K)
 Metaspace       used 41956K, capacity 43019K, committed 43208K, reserved 1087488K
  class space    used 5354K, capacity 5733K, committed 5760K, reserved 1048576K
}
Event: 6.360 GC heap after
{Heap after GC invocations=11 (full 0):
 garbage-first heap   total 189440K, used 41938K [0x0000000080000000, 0x0000000100000000)
  region size 1024K, 7 young (7168K), 7 survivors (7168K)
 Metaspace       used 41956K, capacity 43019K, committed 43208K, reserved 1087488K
  class space    used 5354K, capacity 5733K, committed 5760K, reserved 1048576K
}
Event: 7.148 GC heap before
{Heap before GC invocations=11 (full 0):
 garbage-first heap   total 189440K, used 118738K [0x0000000080000000, 0x0000000100000000)
  region size 1024K, 77 young (78848K), 7 survivors (7168K)
 Metaspace       used 46490K, capacity 47654K, committed 47944K, reserved 1091584K
  class space    used 5901K, capacity 6330K, committed 6400K, reserved 1048576K
}
Event: 7.165 GC heap after
{Heap after GC invocations=12 (full 0):
 garbage-first heap   total 189440K, used 50655K [0x0000000080000000, 0x0000000100000000)
  region size 1024K, 10 young (10240K), 10 survivors (10240K)
 Metaspace       used 46490K, capacity 47654K, committed 47944K, reserved 1091584K
  class space    used 5901K, capacity 6330K, committed 6400K, reserved 1048576K
}

Deoptimization events (20 events):
Event: 7.095 Thread 0x000001cb5b929000 DEOPT PACKING pc=0x000001cb4ac19f04 sp=0x000000273e0f51b0
Event: 7.095 Thread 0x000001cb5b929000 DEOPT UNPACKING pc=0x000001cb42f6a1af sp=0x000000273e0f5108 mode 2
Event: 7.101 Thread 0x000001cb5b929000 Uncommon trap: trap_request=0xffffffc6 fr.pc=0x000001cb4ac1a348 relative=0x0000000000000f68
Event: 7.101 Thread 0x000001cb5b929000 Uncommon trap: reason=bimorphic_or_optimized_type_check action=maybe_recompile pc=0x000001cb4ac1a348 method=org.codehaus.groovy.runtime.metaclass.MetaMethodIndex.isOverridden(Lgroovy/lang/MetaMethod;Lgroovy/lang/MetaMethod;)Z @ 10 c2
Event: 7.101 Thread 0x000001cb5b929000 DEOPT PACKING pc=0x000001cb4ac1a348 sp=0x000000273e0f5110
Event: 7.101 Thread 0x000001cb5b929000 DEOPT UNPACKING pc=0x000001cb42f6a1af sp=0x000000273e0f5068 mode 2
Event: 7.237 Thread 0x000001cb5b929000 Uncommon trap: trap_request=0xffffff4d fr.pc=0x000001cb4ab67030 relative=0x0000000000000110
Event: 7.237 Thread 0x000001cb5b929000 Uncommon trap: reason=unstable_if action=reinterpret pc=0x000001cb4ab67030 method=java.util.Arrays.hashCode([Ljava/lang/Object;)I @ 34 c2
Event: 7.237 Thread 0x000001cb5b929000 DEOPT PACKING pc=0x000001cb4ab67030 sp=0x000000273e0f8780
Event: 7.237 Thread 0x000001cb5b929000 DEOPT UNPACKING pc=0x000001cb42f6a1af sp=0x000000273e0f86f8 mode 2
Event: 7.297 Thread 0x000001cb5b929000 Uncommon trap: trap_request=0xffffffde fr.pc=0x000001cb4ac132e0 relative=0x0000000000003040
Event: 7.297 Thread 0x000001cb5b929000 Uncommon trap: reason=class_check action=maybe_recompile pc=0x000001cb4ac132e0 method=java.util.regex.Pattern$CharProperty.study(Ljava/util/regex/Pattern$TreeInfo;)Z @ 25 c2
Event: 7.297 Thread 0x000001cb5b929000 DEOPT PACKING pc=0x000001cb4ac132e0 sp=0x000000273e0f9e90
Event: 7.297 Thread 0x000001cb5b929000 DEOPT UNPACKING pc=0x000001cb42f6a1af sp=0x000000273e0f9d88 mode 2
Event: 7.366 Thread 0x000001cb5b929000 DEOPT PACKING pc=0x000001cb43a0b279 sp=0x000000273e0facb0
Event: 7.366 Thread 0x000001cb5b929000 DEOPT UNPACKING pc=0x000001cb42f6a95e sp=0x000000273e0fa180 mode 0
Event: 7.494 Thread 0x000001cb5b929000 Uncommon trap: trap_request=0xffffff4d fr.pc=0x000001cb4abdad1c relative=0x0000000000001f7c
Event: 7.494 Thread 0x000001cb5b929000 Uncommon trap: reason=unstable_if action=reinterpret pc=0x000001cb4abdad1c method=jdk.internal.org.objectweb.asm.Frame.execute(IILjdk/internal/org/objectweb/asm/ClassWriter;Ljdk/internal/org/objectweb/asm/Item;)V @ 1 c2
Event: 7.494 Thread 0x000001cb5b929000 DEOPT PACKING pc=0x000001cb4abdad1c sp=0x000000273e0f3ad0
Event: 7.494 Thread 0x000001cb5b929000 DEOPT UNPACKING pc=0x000001cb42f6a1af sp=0x000000273e0f3a98 mode 2

Classes redefined (0 events):
No events

Internal exceptions (20 events):
Event: 7.222 Thread 0x000001cb5b929000 Exception <a 'java/lang/ClassNotFoundException'{0x000000008b33b460}: org/gradle/api/internal/provider/AbstractPropertyBeanInfo> (0x000000008b33b460) thrown at [./src/hotspot/share/classfile/systemDictionary.cpp, line 231]
Event: 7.223 Thread 0x000001cb5b929000 Exception <a 'java/lang/ClassNotFoundException'{0x000000008b3653b0}: org/gradle/api/internal/provider/AbstractMinimalProviderBeanInfo> (0x000000008b3653b0) thrown at [./src/hotspot/share/classfile/systemDictionary.cpp, line 231]
Event: 7.224 Thread 0x000001cb5b929000 Exception <a 'java/lang/ClassNotFoundException'{0x000000008b3902a0}: org/gradle/api/internal/provider/AbstractMinimalProviderCustomizer> (0x000000008b3902a0) thrown at [./src/hotspot/share/classfile/systemDictionary.cpp, line 231]
Event: 7.227 Thread 0x000001cb5b929000 Exception <a 'java/lang/ClassNotFoundException'{0x000000008b3f3280}: org/gradle/api/internal/provider/AbstractPropertyCustomizer> (0x000000008b3f3280) thrown at [./src/hotspot/share/classfile/systemDictionary.cpp, line 231]
Event: 7.228 Thread 0x000001cb5b929000 Exception <a 'java/lang/ClassNotFoundException'{0x000000008b227e00}: org/gradle/api/internal/provider/DefaultPropertyCustomizer> (0x000000008b227e00) thrown at [./src/hotspot/share/classfile/systemDictionary.cpp, line 231]
Event: 7.235 Thread 0x000001cb5b929000 Exception <a 'java/lang/ClassNotFoundException'{0x000000008b29c6a0}: org/gradle/initialization/DefaultProjectDescriptorBeanInfo> (0x000000008b29c6a0) thrown at [./src/hotspot/share/classfile/systemDictionary.cpp, line 231]
Event: 7.236 Thread 0x000001cb5b929000 Exception <a 'java/lang/ClassNotFoundException'{0x000000008b2c4338}: org/gradle/initialization/DefaultProjectDescriptorCustomizer> (0x000000008b2c4338) thrown at [./src/hotspot/share/classfile/systemDictionary.cpp, line 231]
Event: 7.237 Thread 0x000001cb5b929000 Implicit null exception at 0x000001cb4ab66f6c to 0x000001cb4ab67014
Event: 7.285 Thread 0x000001cb5b929000 Exception <a 'java/lang/ClassNotFoundException'{0x000000008ae4f6f8}: org/jetbrains/plugins/gradle/model/web/WebConfigurationBeanInfo> (0x000000008ae4f6f8) thrown at [./src/hotspot/share/classfile/systemDictionary.cpp, line 231]
Event: 7.285 Thread 0x000001cb5b929000 Exception <a 'java/lang/ClassNotFoundException'{0x000000008ae5e740}: org/jetbrains/plugins/gradle/model/web/WebConfigurationCustomizer> (0x000000008ae5e740) thrown at [./src/hotspot/share/classfile/systemDictionary.cpp, line 231]
Event: 7.287 Thread 0x000001cb5b929000 Exception <a 'java/lang/ClassNotFoundException'{0x000000008ae91450}: org/jetbrains/plugins/gradle/model/scala/ScalaModelBeanInfo> (0x000000008ae91450) thrown at [./src/hotspot/share/classfile/systemDictionary.cpp, line 231]
Event: 7.288 Thread 0x000001cb5b929000 Exception <a 'java/lang/ClassNotFoundException'{0x000000008aea02f0}: org/jetbrains/plugins/gradle/model/scala/ScalaModelCustomizer> (0x000000008aea02f0) thrown at [./src/hotspot/share/classfile/systemDictionary.cpp, line 231]
Event: 7.402 Thread 0x000001cb5b929000 Exception <a 'java/lang/ClassNotFoundException'{0x000000008a43eec8}: org/gradle/api/internal/project/DefaultProject_DecoratedBeanInfo> (0x000000008a43eec8) thrown at [./src/hotspot/share/classfile/systemDictionary.cpp, line 231]
Event: 7.402 Thread 0x000001cb5b929000 Exception <a 'java/lang/ClassNotFoundException'{0x000000008a4587c0}: org/gradle/api/internal/project/DefaultProjectBeanInfo> (0x000000008a4587c0) thrown at [./src/hotspot/share/classfile/systemDictionary.cpp, line 231]
Event: 7.402 Thread 0x000001cb5b929000 Exception <a 'java/lang/ClassNotFoundException'{0x000000008a472100}: org/gradle/api/internal/project/DefaultProjectCustomizer> (0x000000008a472100) thrown at [./src/hotspot/share/classfile/systemDictionary.cpp, line 231]
Event: 7.405 Thread 0x000001cb5b929000 Exception <a 'java/lang/ClassNotFoundException'{0x000000008a31f890}: org/gradle/api/internal/project/DefaultProject_DecoratedCustomizer> (0x000000008a31f890) thrown at [./src/hotspot/share/classfile/systemDictionary.cpp, line 231]
Event: 7.492 Thread 0x000001cb5b929000 Exception <a 'java/lang/NoSuchMethodError'{0x0000000089c4b5f8}: 'java.lang.Object java.lang.invoke.DelegatingMethodHandle$Holder.reinvoke_L(java.lang.Object, java.lang.Object, java.lang.Object, java.lang.Object, java.lang.Object, java.lang.Object, java.lang.Object, java.lang.Object, java.lang.Object, java.lang.Object, java.lang.Object, java.lang.Object, java.lang.Object, java.lang.Object, java.lang.Object, java.lang.Object, java.lang.Object, java.lang.Object, java.lang.Object, java.lang.Object)'> (0x000000
Event: 7.493 Thread 0x000001cb5b929000 Exception <a 'java/lang/NoSuchMethodError'{0x0000000089c57890}: 'java.lang.Object java.lang.invoke.DirectMethodHandle$Holder.invokeSpecial(java.lang.Object, java.lang.Object, java.lang.Object, java.lang.Object, java.lang.Object, java.lang.Object, java.lang.Object, java.lang.Object, java.lang.Object, java.lang.Object, java.lang.Object, java.lang.Object, java.lang.Object, java.lang.Object, java.lang.Object, java.lang.Object, java.lang.Object, java.lang.Object, java.lang.Object, java.lang.Object)'> (0x0000000
Event: 7.493 Thread 0x000001cb5b929000 Exception <a 'java/lang/NoSuchMethodError'{0x0000000089c5dfc8}: 'java.lang.Object java.lang.invoke.Invokers$Holder.invoker(java.lang.Object, java.lang.Object, java.lang.Object, java.lang.Object, java.lang.Object, java.lang.Object, java.lang.Object, java.lang.Object, java.lang.Object, java.lang.Object, java.lang.Object, java.lang.Object, java.lang.Object, java.lang.Object, java.lang.Object, java.lang.Object, java.lang.Object, java.lang.Object, java.lang.Object, java.lang.Object)'> (0x0000000089c5dfc8) throw
Event: 7.494 Thread 0x000001cb5b929000 Exception <a 'java/lang/NoSuchMethodError'{0x0000000089c658d0}: 'java.lang.Object java.lang.invoke.DelegatingMethodHandle$Holder.delegate(java.lang.Object, java.lang.Object, java.lang.Object, java.lang.Object, java.lang.Object, java.lang.Object, java.lang.Object, java.lang.Object, java.lang.Object, java.lang.Object, java.lang.Object, java.lang.Object, java.lang.Object, java.lang.Object, java.lang.Object, java.lang.Object, java.lang.Object, java.lang.Object, java.lang.Object, java.lang.Object)'> (0x00000000

Events (20 events):
Event: 7.485 loading class org/gradle/internal/nativeintegration/services/NativeServices$FixedHostname done
Event: 7.486 loading class org/gradle/caching/internal/origin/OriginMetadataFactory$PropertiesConfigurator
Event: 7.486 loading class org/gradle/caching/internal/origin/OriginMetadataFactory$PropertiesConfigurator done
Event: 7.486 loading class org/gradle/caching/internal/origin/OriginMetadataFactory$PropertiesConfigurator
Event: 7.486 loading class org/gradle/caching/internal/origin/OriginMetadataFactory$PropertiesConfigurator done
Event: 7.486 loading class org/gradle/internal/nativeintegration/network/HostnameLookup
Event: 7.486 loading class org/gradle/internal/nativeintegration/network/HostnameLookup done
Event: 7.486 loading class org/gradle/caching/internal/origin/OriginMetadataFactory$HostnameLookup
Event: 7.486 loading class org/gradle/caching/internal/origin/OriginMetadataFactory$HostnameLookup done
Event: 7.487 loading class org/gradle/caching/internal/controller/impl/DefaultBuildCacheCommandFactory
Event: 7.487 loading class org/gradle/caching/internal/controller/impl/DefaultBuildCacheCommandFactory done
Event: 7.487 loading class org/gradle/caching/internal/controller/BuildCacheLoadCommand
Event: 7.487 loading class org/gradle/caching/internal/controller/BuildCacheLoadCommand done
Event: 7.487 loading class org/gradle/caching/internal/controller/BuildCacheStoreCommand
Event: 7.487 loading class org/gradle/caching/internal/controller/BuildCacheStoreCommand done
Event: 7.488 loading class java/util/Collections$SingletonMap
Event: 7.488 loading class java/util/Collections$SingletonMap done
Event: 7.489 loading class org/gradle/internal/execution/history/impl/DefaultOutputFilesRepository
Event: 7.489 loading class org/gradle/internal/execution/history/impl/DefaultOutputFilesRepository done
Event: 7.490 Thread 0x000001cb5d53f000 Thread added: 0x000001cb5d53f000


Dynamic libraries:
0x00007ff705db0000 - 0x00007ff705dba000 	C:\Program Files\Android\Android Studio\jre\bin\java.exe
0x00007ff9d6d60000 - 0x00007ff9d6f69000 	C:\Windows\SYSTEM32\ntdll.dll
0x00007ff9d50d0000 - 0x00007ff9d518d000 	C:\Windows\System32\KERNEL32.DLL
0x00007ff9d45d0000 - 0x00007ff9d4944000 	C:\Windows\System32\KERNELBASE.dll
0x00007ff9d4a70000 - 0x00007ff9d4b81000 	C:\Windows\System32\ucrtbase.dll
0x00007ff9a4aa0000 - 0x00007ff9a4ab9000 	C:\Program Files\Android\Android Studio\jre\bin\jli.dll
0x00007ff9a42b0000 - 0x00007ff9a42c7000 	C:\Program Files\Android\Android Studio\jre\bin\VCRUNTIME140.dll
0x00007ff9d6220000 - 0x00007ff9d63cc000 	C:\Windows\System32\USER32.dll
0x00007ff9d4390000 - 0x00007ff9d43b6000 	C:\Windows\System32\win32u.dll
0x00007ff9a8860000 - 0x00007ff9a8b05000 	C:\Windows\WinSxS\amd64_microsoft.windows.common-controls_6595b64144ccf1df_6.0.22000.120_none_9d947278b86cc467\COMCTL32.dll
0x00007ff9d6140000 - 0x00007ff9d6169000 	C:\Windows\System32\GDI32.dll
0x00007ff9d4950000 - 0x00007ff9d4a62000 	C:\Windows\System32\gdi32full.dll
0x00007ff9d4cf0000 - 0x00007ff9d4d93000 	C:\Windows\System32\msvcrt.dll
0x00007ff9d43c0000 - 0x00007ff9d445d000 	C:\Windows\System32\msvcp_win.dll
0x00007ff9d5ce0000 - 0x00007ff9d5d11000 	C:\Windows\System32\IMM32.DLL
0x00007ff988da0000 - 0x00007ff988e3d000 	C:\Program Files\Android\Android Studio\jre\bin\msvcp140.dll
0x00007ff986d90000 - 0x00007ff987875000 	C:\Program Files\Android\Android Studio\jre\bin\server\jvm.dll
0x00007ff9d6b00000 - 0x00007ff9d6bae000 	C:\Windows\System32\ADVAPI32.dll
0x00007ff9d5f40000 - 0x00007ff9d5fde000 	C:\Windows\System32\sechost.dll
0x00007ff9d6840000 - 0x00007ff9d6960000 	C:\Windows\System32\RPCRT4.dll
0x00007ff9d4c00000 - 0x00007ff9d4c08000 	C:\Windows\System32\PSAPI.DLL
0x00007ff9ce0d0000 - 0x00007ff9ce0d9000 	C:\Windows\SYSTEM32\WSOCK32.dll
0x00007ff9ca150000 - 0x00007ff9ca183000 	C:\Windows\SYSTEM32\WINMM.dll
0x00007ff9d5fe0000 - 0x00007ff9d604f000 	C:\Windows\System32\WS2_32.dll
0x00007ff9c1ce0000 - 0x00007ff9c1cea000 	C:\Windows\SYSTEM32\VERSION.dll
0x00007ff9d2d40000 - 0x00007ff9d2d58000 	C:\Windows\SYSTEM32\kernel.appcore.dll
0x00007ff9cb320000 - 0x00007ff9cb331000 	C:\Program Files\Android\Android Studio\jre\bin\verify.dll
0x00007ff9cd740000 - 0x00007ff9cd961000 	C:\Windows\SYSTEM32\DBGHELP.DLL
0x00007ff9c15e0000 - 0x00007ff9c1611000 	C:\Windows\SYSTEM32\dbgcore.DLL
0x00007ff9d4250000 - 0x00007ff9d42cf000 	C:\Windows\System32\bcryptPrimitives.dll
0x00007ff9ca280000 - 0x00007ff9ca2a9000 	C:\Program Files\Android\Android Studio\jre\bin\java.dll
0x00007ff9ce040000 - 0x00007ff9ce04b000 	C:\Program Files\Android\Android Studio\jre\bin\jimage.dll
0x00007ff9ae410000 - 0x00007ff9ae428000 	C:\Program Files\Android\Android Studio\jre\bin\zip.dll
0x00007ff9d5530000 - 0x00007ff9d5cde000 	C:\Windows\System32\SHELL32.dll
0x00007ff9d24c0000 - 0x00007ff9d2d27000 	C:\Windows\SYSTEM32\windows.storage.dll
0x00007ff9d5190000 - 0x00007ff9d5508000 	C:\Windows\System32\combase.dll
0x00007ff9d2350000 - 0x00007ff9d24b6000 	C:\Windows\SYSTEM32\wintypes.dll
0x00007ff9d6050000 - 0x00007ff9d613a000 	C:\Windows\System32\SHCORE.dll
0x00007ff9d6aa0000 - 0x00007ff9d6afd000 	C:\Windows\System32\shlwapi.dll
0x00007ff9d4180000 - 0x00007ff9d41a1000 	C:\Windows\SYSTEM32\profapi.dll
0x00007ff9ae3f0000 - 0x00007ff9ae40a000 	C:\Program Files\Android\Android Studio\jre\bin\net.dll
0x00007ff9c9390000 - 0x00007ff9c949c000 	C:\Windows\SYSTEM32\WINHTTP.dll
0x00007ff9d3870000 - 0x00007ff9d38d7000 	C:\Windows\system32\mswsock.dll
0x00007ff9ae000000 - 0x00007ff9ae014000 	C:\Program Files\Android\Android Studio\jre\bin\nio.dll
0x00007ff9a3e70000 - 0x00007ff9a3e97000 	C:\Users\Admin\.gradle\native\e1d6ef7f7dcc3fd88c89a11ec53ec762bb8ba0a96d01ffa2cd45eb1d1d8dd5c5\windows-amd64\native-platform.dll
0x00007ff985b20000 - 0x00007ff985c64000 	C:\Users\Admin\.gradle\native\5664cfc778a61ccfe75a443a1ab52a65af34e5dc3c78e0209fed803814484fcb\windows-amd64\native-platform-file-events.dll
0x00007ff9cd180000 - 0x00007ff9cd18a000 	C:\Program Files\Android\Android Studio\jre\bin\management.dll
0x00007ff9cd160000 - 0x00007ff9cd16d000 	C:\Program Files\Android\Android Studio\jre\bin\management_ext.dll
0x00007ff9d3ab0000 - 0x00007ff9d3ac8000 	C:\Windows\SYSTEM32\CRYPTSP.dll
0x00007ff9d33d0000 - 0x00007ff9d3405000 	C:\Windows\system32\rsaenh.dll
0x00007ff9d3960000 - 0x00007ff9d3989000 	C:\Windows\SYSTEM32\USERENV.dll
0x00007ff9d3c30000 - 0x00007ff9d3c57000 	C:\Windows\SYSTEM32\bcrypt.dll
0x00007ff9d3ad0000 - 0x00007ff9d3adc000 	C:\Windows\SYSTEM32\CRYPTBASE.dll
0x00007ff9d2fa0000 - 0x00007ff9d2fcd000 	C:\Windows\SYSTEM32\IPHLPAPI.DLL
0x00007ff9d6200000 - 0x00007ff9d6209000 	C:\Windows\System32\NSI.dll
0x00007ff9c91f0000 - 0x00007ff9c9209000 	C:\Windows\SYSTEM32\dhcpcsvc6.DLL
0x00007ff9c96f0000 - 0x00007ff9c970e000 	C:\Windows\SYSTEM32\dhcpcsvc.DLL
0x00007ff9d2fd0000 - 0x00007ff9d30b7000 	C:\Windows\SYSTEM32\DNSAPI.dll

dbghelp: loaded successfully - version: 4.0.5 - missing functions: none
symbol engine: initialized successfully - sym options: 0x614 - pdb path: .;C:\Program Files\Android\Android Studio\jre\bin;C:\Windows\SYSTEM32;C:\Windows\WinSxS\amd64_microsoft.windows.common-controls_6595b64144ccf1df_6.0.22000.120_none_9d947278b86cc467;C:\Program Files\Android\Android Studio\jre\bin\server;C:\Users\Admin\.gradle\native\e1d6ef7f7dcc3fd88c89a11ec53ec762bb8ba0a96d01ffa2cd45eb1d1d8dd5c5\windows-amd64;C:\Users\Admin\.gradle\native\5664cfc778a61ccfe75a443a1ab52a65af34e5dc3c78e0209fed803814484fcb\windows-amd64

VM Arguments:
jvm_args: --add-opens=java.base/java.util=ALL-UNNAMED --add-opens=java.base/java.lang=ALL-UNNAMED --add-opens=java.base/java.lang.invoke=ALL-UNNAMED --add-opens=java.base/java.util=ALL-UNNAMED --add-opens=java.prefs/java.util.prefs=ALL-UNNAMED --add-opens=java.prefs/java.util.prefs=ALL-UNNAMED --add-opens=java.base/java.nio.charset=ALL-UNNAMED --add-opens=java.base/java.net=ALL-UNNAMED --add-opens=java.base/java.util.concurrent.atomic=ALL-UNNAMED -Xmx2048m -Dfile.encoding=UTF-8 -Duser.country=US -Duser.language=en -Duser.variant 
java_command: org.gradle.launcher.daemon.bootstrap.GradleDaemon 7.3.3
java_class_path (initial): C:\Users\Admin\.gradle\wrapper\dists\gradle-7.3.3-bin\6a41zxkdtcxs8rphpq6y0069z\gradle-7.3.3\lib\gradle-launcher-7.3.3.jar
Launcher Type: SUN_STANDARD

[Global flags]
     intx CICompilerCount                          = 3                                         {product} {ergonomic}
     uint ConcGCThreads                            = 1                                         {product} {ergonomic}
     uint G1ConcRefinementThreads                  = 4                                         {product} {ergonomic}
   size_t G1HeapRegionSize                         = 1048576                                   {product} {ergonomic}
    uintx GCDrainStackTargetSize                   = 64                                        {product} {ergonomic}
   size_t InitialHeapSize                          = 134217728                                 {product} {ergonomic}
   size_t MarkStackSize                            = 4194304                                   {product} {ergonomic}
   size_t MaxHeapSize                              = 2147483648                                {product} {command line}
   size_t MaxNewSize                               = 1287651328                                {product} {ergonomic}
   size_t MinHeapDeltaBytes                        = 1048576                                   {product} {ergonomic}
    uintx NonNMethodCodeHeapSize                   = 5830732                                {pd product} {ergonomic}
    uintx NonProfiledCodeHeapSize                  = 122913754                              {pd product} {ergonomic}
    uintx ProfiledCodeHeapSize                     = 122913754                              {pd product} {ergonomic}
    uintx ReservedCodeCacheSize                    = 251658240                              {pd product} {ergonomic}
     bool SegmentedCodeCache                       = true                                      {product} {ergonomic}
     bool UseCompressedClassPointers               = true                                 {lp64_product} {ergonomic}
     bool UseCompressedOops                        = true                                 {lp64_product} {ergonomic}
     bool UseG1GC                                  = true                                      {product} {ergonomic}
     bool UseLargePagesIndividualAllocation        = false                                  {pd product} {ergonomic}

Logging:
Log output configuration:
 #0: stdout all=warning uptime,level,tags
 #1: stderr all=off uptime,level,tags

Environment Variables:
PATH=C:\Program Files\Common Files\Oracle\Java\javapath;C:\Program Files (x86)\Common Files\Oracle\Java\javapath;C:\Windows\system32;C:\Windows;C:\Windows\System32\Wbem;C:\Windows\System32\WindowsPowerShell\v1.0\;C:\Windows\System32\OpenSSH\;C:\Program Files (x86)\Intel\Intel(R) Management Engine Components\DAL;C:\Program Files\Intel\Intel(R) Management Engine Components\DAL;C:\Program Files\Git\cmd;C:\Users\Admin\AppData\Local\Microsoft\WindowsApps;C:\Users\Admin\AppData\Local\Programs\Microsoft VS Code\bin;C:\Users\Admin\AppData\Local\atom\bin;C:\Users\Admin\AppData\Local\GitHubDesktop\bin
USERNAME=Admin
OS=Windows_NT
PROCESSOR_IDENTIFIER=Intel64 Family 6 Model 78 Stepping 3, GenuineIntel



---------------  S Y S T E M  ---------------

OS: Windows 10 , 64 bit Build 22000 (10.0.22000.434)
OS uptime: 0 days 2:10 hours

CPU:total 4 (initial active 4) (2 cores per cpu, 2 threads per core) family 6 model 78 stepping 3 microcode 0xd6, cmov, cx8, fxsr, mmx, sse, sse2, sse3, ssse3, sse4.1, sse4.2, popcnt, avx, avx2, aes, clmul, erms, rtm, 3dnowpref, lzcnt, ht, tsc, tscinvbit, bmi1, bmi2, adx, fma

Memory: 4k page, system-wide physical 8072M (799M free)
TotalPageFile size 8072M (AvailPageFile size 6M)
current process WorkingSet (physical memory assigned to process): 318M, peak: 318M
current process commit charge ("private bytes"): 378M, peak: 379M

vm_info: OpenJDK 64-Bit Server VM (11.0.12+7-b1504.28-7817840) for windows-amd64 JRE (11.0.12+7-b1504.28-7817840), built on Oct 13 2021 22:12:33 by "builder" with MS VC++ 14.0 (VS2015)

END.
